app/build/intermediates/manifest_merge_blame_file/debug/manifest-merger-blame-debug-report.txt
1<?xml version="1.0" encoding="utf-8"?>
2<manifest xmlns:android="http://schemas.android.com/apk/res/android"
3    package="com.example.simplemessenger"
4    android:versionCode="1"
5    android:versionName="1.0.0" >
6
7    <uses-sdk
8        android:minSdkVersion="24"
9        android:targetSdkVersion="34" />
10
11    <!-- Internet Permissions -->
12    <uses-permission android:name="android.permission.INTERNET" />
12-->src\main\AndroidManifest.xml:7:5-67
12-->src\main\AndroidManifest.xml:7:22-64
13    <uses-permission android:name="android.permission.ACCESS_NETWORK_STATE" />
13-->src\main\AndroidManifest.xml:8:5-79
13-->src\main\AndroidManifest.xml:8:22-76
14    <uses-permission android:name="android.permission.POST_NOTIFICATIONS" />
14-->src\main\AndroidManifest.xml:9:5-77
14-->src\main\AndroidManifest.xml:9:22-74
15    <uses-permission android:name="android.permission.WAKE_LOCK" />
15-->src\main\AndroidManifest.xml:10:5-68
15-->src\main\AndroidManifest.xml:10:22-65
16    <uses-permission android:name="android.permission.RECEIVE_BOOT_COMPLETED" />
16-->src\main\AndroidManifest.xml:11:5-81
16-->src\main\AndroidManifest.xml:11:22-78
17    <uses-permission android:name="android.permission.FOREGROUND_SERVICE" />
17-->src\main\AndroidManifest.xml:12:5-77
17-->src\main\AndroidManifest.xml:12:22-74
18    <!-- Required by older versions of Google Play services to create IID tokens -->
19    <uses-permission android:name="com.google.android.c2dm.permission.RECEIVE" />
19-->[com.google.firebase:firebase-messaging:23.4.1] AndroidManifest.xml:26:5-82
19-->[com.google.firebase:firebase-messaging:23.4.1] AndroidManifest.xml:26:22-79
20    <uses-permission android:name="com.google.android.gms.permission.AD_ID" />
20-->[com.google.android.gms:play-services-measurement-api:21.5.1] AndroidManifest.xml:25:5-79
20-->[com.google.android.gms:play-services-measurement-api:21.5.1] AndroidManifest.xml:25:22-76
21    <uses-permission android:name="android.permission.ACCESS_ADSERVICES_ATTRIBUTION" />
21-->[com.google.android.gms:play-services-measurement-api:21.5.1] AndroidManifest.xml:26:5-88
21-->[com.google.android.gms:play-services-measurement-api:21.5.1] AndroidManifest.xml:26:22-85
22    <uses-permission android:name="android.permission.ACCESS_ADSERVICES_AD_ID" />
22-->[com.google.android.gms:play-services-measurement-api:21.5.1] AndroidManifest.xml:27:5-82
22-->[com.google.android.gms:play-services-measurement-api:21.5.1] AndroidManifest.xml:27:22-79
23    <uses-permission android:name="com.google.android.finsky.permission.BIND_GET_INSTALL_REFERRER_SERVICE" />
23-->[com.google.android.gms:play-services-measurement:21.5.1] AndroidManifest.xml:26:5-110
23-->[com.google.android.gms:play-services-measurement:21.5.1] AndroidManifest.xml:26:22-107
24    <uses-permission android:name="com.google.android.providers.gsf.permission.READ_GSERVICES" />
24-->[com.google.android.recaptcha:recaptcha:18.4.0] AndroidManifest.xml:9:5-98
24-->[com.google.android.recaptcha:recaptcha:18.4.0] AndroidManifest.xml:9:22-95
25
26    <permission
26-->[androidx.core:core:1.12.0] AndroidManifest.xml:22:5-24:47
27        android:name="com.example.simplemessenger.DYNAMIC_RECEIVER_NOT_EXPORTED_PERMISSION"
27-->[androidx.core:core:1.12.0] AndroidManifest.xml:23:9-81
28        android:protectionLevel="signature" />
28-->[androidx.core:core:1.12.0] AndroidManifest.xml:24:9-44
29
30    <uses-permission android:name="com.example.simplemessenger.DYNAMIC_RECEIVER_NOT_EXPORTED_PERMISSION" />
30-->[androidx.core:core:1.12.0] AndroidManifest.xml:26:5-97
30-->[androidx.core:core:1.12.0] AndroidManifest.xml:26:22-94
31
32    <application
32-->src\main\AndroidManifest.xml:14:5-124:19
33        android:name="com.example.simplemessenger.SimpleMessengerApp"
33-->src\main\AndroidManifest.xml:15:9-43
34        android:allowBackup="true"
34-->src\main\AndroidManifest.xml:16:9-35
35        android:appComponentFactory="androidx.core.app.CoreComponentFactory"
35-->[androidx.core:core:1.12.0] AndroidManifest.xml:28:18-86
36        android:dataExtractionRules="@xml/data_extraction_rules"
36-->src\main\AndroidManifest.xml:17:9-65
37        android:debuggable="true"
38        android:extractNativeLibs="false"
39        android:fullBackupContent="@xml/backup_rules"
39-->src\main\AndroidManifest.xml:18:9-54
40        android:icon="@mipmap/ic_launcher"
40-->src\main\AndroidManifest.xml:19:9-43
41        android:label="@string/app_name"
41-->src\main\AndroidManifest.xml:20:9-41
42        android:roundIcon="@mipmap/ic_launcher_round"
42-->src\main\AndroidManifest.xml:21:9-54
43        android:supportsRtl="true"
43-->src\main\AndroidManifest.xml:22:9-35
44        android:testOnly="true"
45        android:theme="@style/Theme.SimpleMessenger" >
45-->src\main\AndroidManifest.xml:23:9-53
46
47        <!-- Firebase Config Activity -->
48        <activity
48-->src\main\AndroidManifest.xml:27:9-36:20
49            android:name="com.example.simplemessenger.ui.setup.FirebaseConfigActivity"
49-->src\main\AndroidManifest.xml:28:13-60
50            android:exported="true"
50-->src\main\AndroidManifest.xml:29:13-36
51            android:theme="@style/Theme.SimpleMessenger.NoActionBar"
51-->src\main\AndroidManifest.xml:30:13-69
52            android:windowSoftInputMode="adjustResize" >
52-->src\main\AndroidManifest.xml:31:13-55
53            <intent-filter>
53-->src\main\AndroidManifest.xml:32:13-35:29
54                <action android:name="android.intent.action.MAIN" />
54-->src\main\AndroidManifest.xml:33:17-69
54-->src\main\AndroidManifest.xml:33:25-66
55
56                <category android:name="android.intent.category.LAUNCHER" />
56-->src\main\AndroidManifest.xml:34:17-77
56-->src\main\AndroidManifest.xml:34:27-74
57            </intent-filter>
58        </activity>
59
60        <!-- Splash Screen Activity -->
61        <activity
61-->src\main\AndroidManifest.xml:39:9-41:39
62            android:name="com.example.simplemessenger.ui.splash.SplashActivity"
62-->src\main\AndroidManifest.xml:40:13-53
63            android:exported="true" />
63-->src\main\AndroidManifest.xml:41:13-36
64
65        <!-- Authentication Activity -->
66        <activity
66-->src\main\AndroidManifest.xml:44:9-48:58
67            android:name="com.example.simplemessenger.ui.auth.AuthActivity"
67-->src\main\AndroidManifest.xml:45:13-49
68            android:exported="false"
68-->src\main\AndroidManifest.xml:46:13-37
69            android:theme="@style/Theme.SimpleMessenger.NoActionBar"
69-->src\main\AndroidManifest.xml:47:13-69
70            android:windowSoftInputMode="adjustResize" />
70-->src\main\AndroidManifest.xml:48:13-55
71
72        <!-- Main Activity -->
73        <activity
73-->src\main\AndroidManifest.xml:51:9-55:58
74            android:name="com.example.simplemessenger.ui.main.MainActivity"
74-->src\main\AndroidManifest.xml:52:13-49
75            android:exported="false"
75-->src\main\AndroidManifest.xml:53:13-37
76            android:theme="@style/Theme.SimpleMessenger.NoActionBar"
76-->src\main\AndroidManifest.xml:54:13-69
77            android:windowSoftInputMode="adjustResize" />
77-->src\main\AndroidManifest.xml:55:13-55
78
79        <!-- Message List Activity -->
80        <activity
80-->src\main\AndroidManifest.xml:58:9-62:58
81            android:name="com.example.simplemessenger.ui.messaging.MessageListActivity"
81-->src\main\AndroidManifest.xml:59:13-61
82            android:exported="false"
82-->src\main\AndroidManifest.xml:60:13-37
83            android:theme="@style/Theme.SimpleMessenger.NoActionBar"
83-->src\main\AndroidManifest.xml:61:13-69
84            android:windowSoftInputMode="adjustResize" />
84-->src\main\AndroidManifest.xml:62:13-55
85
86        <!-- Message Detail Activity -->
87        <activity
87-->src\main\AndroidManifest.xml:65:9-69:58
88            android:name="com.example.simplemessenger.ui.messaging.MessageDetailActivity"
88-->src\main\AndroidManifest.xml:66:13-63
89            android:exported="false"
89-->src\main\AndroidManifest.xml:67:13-37
90            android:theme="@style/Theme.SimpleMessenger.NoActionBar"
90-->src\main\AndroidManifest.xml:68:13-69
91            android:windowSoftInputMode="adjustResize" />
91-->src\main\AndroidManifest.xml:69:13-55
92
93        <!-- Compose Message Activity -->
94        <activity
94-->src\main\AndroidManifest.xml:72:9-76:58
95            android:name="com.example.simplemessenger.ui.messaging.ComposeMessageActivity"
95-->src\main\AndroidManifest.xml:73:13-64
96            android:exported="false"
96-->src\main\AndroidManifest.xml:74:13-37
97            android:theme="@style/Theme.SimpleMessenger.NoActionBar"
97-->src\main\AndroidManifest.xml:75:13-69
98            android:windowSoftInputMode="adjustResize" />
98-->src\main\AndroidManifest.xml:76:13-55
99
100        <!-- Settings Activity -->
101        <activity
101-->src\main\AndroidManifest.xml:79:9-89:20
102            android:name="com.example.simplemessenger.ui.settings.SettingsActivity"
102-->src\main\AndroidManifest.xml:80:13-57
103            android:exported="false"
103-->src\main\AndroidManifest.xml:81:13-37
104            android:label="@string/title_settings"
104-->src\main\AndroidManifest.xml:82:13-51
105            android:parentActivityName="com.example.simplemessenger.ui.main.MainActivity"
105-->src\main\AndroidManifest.xml:85:13-63
106            android:theme="@style/Theme.SimpleMessenger.NoActionBar"
106-->src\main\AndroidManifest.xml:83:13-69
107            android:windowSoftInputMode="adjustResize" >
107-->src\main\AndroidManifest.xml:84:13-55
108            <meta-data
108-->src\main\AndroidManifest.xml:86:13-88:84
109                android:name="android.support.PARENT_ACTIVITY"
109-->src\main\AndroidManifest.xml:87:17-63
110                android:value="com.example.simplemessenger.ui.main.MainActivity" />
110-->src\main\AndroidManifest.xml:88:17-81
111        </activity>
112
113        <!-- Manage Contacts Activity -->
114        <activity
114-->src\main\AndroidManifest.xml:92:9-102:20
115            android:name="com.example.simplemessenger.ui.contacts.ManageContactsActivity"
115-->src\main\AndroidManifest.xml:93:13-63
116            android:exported="false"
116-->src\main\AndroidManifest.xml:94:13-37
117            android:label="@string/title_manage_contacts"
117-->src\main\AndroidManifest.xml:95:13-58
118            android:parentActivityName="com.example.simplemessenger.ui.main.MainActivity"
118-->src\main\AndroidManifest.xml:98:13-63
119            android:theme="@style/Theme.SimpleMessenger.NoActionBar"
119-->src\main\AndroidManifest.xml:96:13-69
120            android:windowSoftInputMode="adjustResize" >
120-->src\main\AndroidManifest.xml:97:13-55
121            <meta-data
121-->src\main\AndroidManifest.xml:86:13-88:84
122                android:name="android.support.PARENT_ACTIVITY"
122-->src\main\AndroidManifest.xml:87:17-63
123                android:value="com.example.simplemessenger.ui.main.MainActivity" />
123-->src\main\AndroidManifest.xml:88:17-81
124        </activity>
125
126        <!-- Firebase Services -->
127        <service
127-->src\main\AndroidManifest.xml:105:9-111:19
128            android:name="com.example.simplemessenger.services.AppFirebaseMessagingService"
128-->src\main\AndroidManifest.xml:106:13-65
129            android:exported="false" >
129-->src\main\AndroidManifest.xml:107:13-37
130            <intent-filter>
130-->src\main\AndroidManifest.xml:108:13-110:29
131                <action android:name="com.google.firebase.MESSAGING_EVENT" />
131-->src\main\AndroidManifest.xml:109:17-78
131-->src\main\AndroidManifest.xml:109:25-75
132            </intent-filter>
133        </service>
134
135        <!-- WorkManager Initialization -->
136        <provider
137            android:name="androidx.startup.InitializationProvider"
137-->src\main\AndroidManifest.xml:115:13-67
138            android:authorities="com.example.simplemessenger.androidx-startup"
138-->src\main\AndroidManifest.xml:116:13-68
139            android:exported="false" >
139-->src\main\AndroidManifest.xml:117:13-37
140            <meta-data
140-->[androidx.emoji2:emoji2:1.2.0] AndroidManifest.xml:29:13-31:52
141                android:name="androidx.emoji2.text.EmojiCompatInitializer"
141-->[androidx.emoji2:emoji2:1.2.0] AndroidManifest.xml:30:17-75
142                android:value="androidx.startup" />
142-->[androidx.emoji2:emoji2:1.2.0] AndroidManifest.xml:31:17-49
143            <meta-data
143-->[androidx.lifecycle:lifecycle-process:2.7.0] AndroidManifest.xml:29:13-31:52
144                android:name="androidx.lifecycle.ProcessLifecycleInitializer"
144-->[androidx.lifecycle:lifecycle-process:2.7.0] AndroidManifest.xml:30:17-78
145                android:value="androidx.startup" />
145-->[androidx.lifecycle:lifecycle-process:2.7.0] AndroidManifest.xml:31:17-49
146            <meta-data
146-->[androidx.profileinstaller:profileinstaller:1.3.0] AndroidManifest.xml:29:13-31:52
147                android:name="androidx.profileinstaller.ProfileInstallerInitializer"
147-->[androidx.profileinstaller:profileinstaller:1.3.0] AndroidManifest.xml:30:17-85
148                android:value="androidx.startup" />
148-->[androidx.profileinstaller:profileinstaller:1.3.0] AndroidManifest.xml:31:17-49
149        </provider>
150
151        <service
151-->[com.google.firebase:firebase-auth-ktx:22.3.1] AndroidManifest.xml:8:9-14:19
152            android:name="com.google.firebase.components.ComponentDiscoveryService"
152-->[com.google.firebase:firebase-auth-ktx:22.3.1] AndroidManifest.xml:9:13-84
153            android:directBootAware="true"
153-->[com.google.firebase:firebase-common:20.4.2] AndroidManifest.xml:32:13-43
154            android:exported="false" >
154-->[com.google.firebase:firebase-auth-ktx:22.3.1] AndroidManifest.xml:10:13-37
155            <meta-data
155-->[com.google.firebase:firebase-auth-ktx:22.3.1] AndroidManifest.xml:11:13-13:85
156                android:name="com.google.firebase.components:com.google.firebase.auth.ktx.FirebaseAuthLegacyRegistrar"
156-->[com.google.firebase:firebase-auth-ktx:22.3.1] AndroidManifest.xml:12:17-119
157                android:value="com.google.firebase.components.ComponentRegistrar" />
157-->[com.google.firebase:firebase-auth-ktx:22.3.1] AndroidManifest.xml:13:17-82
158            <meta-data
158-->[com.google.firebase:firebase-auth:22.3.1] AndroidManifest.xml:69:13-71:85
159                android:name="com.google.firebase.components:com.google.firebase.auth.FirebaseAuthRegistrar"
159-->[com.google.firebase:firebase-auth:22.3.1] AndroidManifest.xml:70:17-109
160                android:value="com.google.firebase.components.ComponentRegistrar" />
160-->[com.google.firebase:firebase-auth:22.3.1] AndroidManifest.xml:71:17-82
161            <meta-data
161-->[com.google.firebase:firebase-storage-ktx:20.3.0] AndroidManifest.xml:12:13-14:85
162                android:name="com.google.firebase.components:com.google.firebase.storage.ktx.FirebaseStorageLegacyRegistrar"
162-->[com.google.firebase:firebase-storage-ktx:20.3.0] AndroidManifest.xml:13:17-125
163                android:value="com.google.firebase.components.ComponentRegistrar" />
163-->[com.google.firebase:firebase-storage-ktx:20.3.0] AndroidManifest.xml:14:17-82
164            <meta-data
164-->[com.google.firebase:firebase-storage:20.3.0] AndroidManifest.xml:30:13-32:85
165                android:name="com.google.firebase.components:com.google.firebase.storage.FirebaseStorageKtxRegistrar"
165-->[com.google.firebase:firebase-storage:20.3.0] AndroidManifest.xml:31:17-118
166                android:value="com.google.firebase.components.ComponentRegistrar" />
166-->[com.google.firebase:firebase-storage:20.3.0] AndroidManifest.xml:32:17-82
167            <meta-data
167-->[com.google.firebase:firebase-storage:20.3.0] AndroidManifest.xml:33:13-35:85
168                android:name="com.google.firebase.components:com.google.firebase.storage.StorageRegistrar"
168-->[com.google.firebase:firebase-storage:20.3.0] AndroidManifest.xml:34:17-107
169                android:value="com.google.firebase.components.ComponentRegistrar" />
169-->[com.google.firebase:firebase-storage:20.3.0] AndroidManifest.xml:35:17-82
170            <meta-data
170-->[com.google.firebase:firebase-database-ktx:20.3.1] AndroidManifest.xml:12:13-14:85
171                android:name="com.google.firebase.components:com.google.firebase.database.ktx.FirebaseDatabaseLegacyRegistrar"
171-->[com.google.firebase:firebase-database-ktx:20.3.1] AndroidManifest.xml:13:17-127
172                android:value="com.google.firebase.components.ComponentRegistrar" />
172-->[com.google.firebase:firebase-database-ktx:20.3.1] AndroidManifest.xml:14:17-82
173            <meta-data
173-->[com.google.firebase:firebase-database:20.3.1] AndroidManifest.xml:29:13-31:85
174                android:name="com.google.firebase.components:com.google.firebase.database.FirebaseDatabaseKtxRegistrar"
174-->[com.google.firebase:firebase-database:20.3.1] AndroidManifest.xml:30:17-120
175                android:value="com.google.firebase.components.ComponentRegistrar" />
175-->[com.google.firebase:firebase-database:20.3.1] AndroidManifest.xml:31:17-82
176            <meta-data
176-->[com.google.firebase:firebase-database:20.3.1] AndroidManifest.xml:32:13-34:85
177                android:name="com.google.firebase.components:com.google.firebase.database.DatabaseRegistrar"
177-->[com.google.firebase:firebase-database:20.3.1] AndroidManifest.xml:33:17-109
178                android:value="com.google.firebase.components.ComponentRegistrar" />
178-->[com.google.firebase:firebase-database:20.3.1] AndroidManifest.xml:34:17-82
179            <meta-data
179-->[com.google.firebase:firebase-messaging-ktx:23.4.1] AndroidManifest.xml:26:13-28:85
180                android:name="com.google.firebase.components:com.google.firebase.messaging.ktx.FirebaseMessagingLegacyRegistrar"
180-->[com.google.firebase:firebase-messaging-ktx:23.4.1] AndroidManifest.xml:27:17-129
181                android:value="com.google.firebase.components.ComponentRegistrar" />
181-->[com.google.firebase:firebase-messaging-ktx:23.4.1] AndroidManifest.xml:28:17-82
182            <meta-data
182-->[com.google.firebase:firebase-messaging:23.4.1] AndroidManifest.xml:57:13-59:85
183                android:name="com.google.firebase.components:com.google.firebase.messaging.FirebaseMessagingKtxRegistrar"
183-->[com.google.firebase:firebase-messaging:23.4.1] AndroidManifest.xml:58:17-122
184                android:value="com.google.firebase.components.ComponentRegistrar" />
184-->[com.google.firebase:firebase-messaging:23.4.1] AndroidManifest.xml:59:17-82
185            <meta-data
185-->[com.google.firebase:firebase-messaging:23.4.1] AndroidManifest.xml:60:13-62:85
186                android:name="com.google.firebase.components:com.google.firebase.messaging.FirebaseMessagingRegistrar"
186-->[com.google.firebase:firebase-messaging:23.4.1] AndroidManifest.xml:61:17-119
187                android:value="com.google.firebase.components.ComponentRegistrar" />
187-->[com.google.firebase:firebase-messaging:23.4.1] AndroidManifest.xml:62:17-82
188            <meta-data
188-->[com.google.firebase:firebase-appcheck:17.1.2] AndroidManifest.xml:25:13-27:85
189                android:name="com.google.firebase.components:com.google.firebase.appcheck.FirebaseAppCheckKtxRegistrar"
189-->[com.google.firebase:firebase-appcheck:17.1.2] AndroidManifest.xml:26:17-120
190                android:value="com.google.firebase.components.ComponentRegistrar" />
190-->[com.google.firebase:firebase-appcheck:17.1.2] AndroidManifest.xml:27:17-82
191            <meta-data
191-->[com.google.firebase:firebase-appcheck:17.1.2] AndroidManifest.xml:28:13-30:85
192                android:name="com.google.firebase.components:com.google.firebase.appcheck.FirebaseAppCheckRegistrar"
192-->[com.google.firebase:firebase-appcheck:17.1.2] AndroidManifest.xml:29:17-117
193                android:value="com.google.firebase.components.ComponentRegistrar" />
193-->[com.google.firebase:firebase-appcheck:17.1.2] AndroidManifest.xml:30:17-82
194            <meta-data
194-->[com.google.firebase:firebase-analytics-ktx:21.5.1] AndroidManifest.xml:11:13-13:85
195                android:name="com.google.firebase.components:com.google.firebase.analytics.ktx.FirebaseAnalyticsLegacyRegistrar"
195-->[com.google.firebase:firebase-analytics-ktx:21.5.1] AndroidManifest.xml:12:17-129
196                android:value="com.google.firebase.components.ComponentRegistrar" />
196-->[com.google.firebase:firebase-analytics-ktx:21.5.1] AndroidManifest.xml:13:17-82
197            <meta-data
197-->[com.google.android.gms:play-services-measurement-api:21.5.1] AndroidManifest.xml:37:13-39:85
198                android:name="com.google.firebase.components:com.google.firebase.analytics.connector.internal.AnalyticsConnectorRegistrar"
198-->[com.google.android.gms:play-services-measurement-api:21.5.1] AndroidManifest.xml:38:17-139
199                android:value="com.google.firebase.components.ComponentRegistrar" />
199-->[com.google.android.gms:play-services-measurement-api:21.5.1] AndroidManifest.xml:39:17-82
200            <meta-data
200-->[com.google.firebase:firebase-installations:17.2.0] AndroidManifest.xml:15:13-17:85
201                android:name="com.google.firebase.components:com.google.firebase.installations.FirebaseInstallationsKtxRegistrar"
201-->[com.google.firebase:firebase-installations:17.2.0] AndroidManifest.xml:16:17-130
202                android:value="com.google.firebase.components.ComponentRegistrar" />
202-->[com.google.firebase:firebase-installations:17.2.0] AndroidManifest.xml:17:17-82
203            <meta-data
203-->[com.google.firebase:firebase-installations:17.2.0] AndroidManifest.xml:18:13-20:85
204                android:name="com.google.firebase.components:com.google.firebase.installations.FirebaseInstallationsRegistrar"
204-->[com.google.firebase:firebase-installations:17.2.0] AndroidManifest.xml:19:17-127
205                android:value="com.google.firebase.components.ComponentRegistrar" />
205-->[com.google.firebase:firebase-installations:17.2.0] AndroidManifest.xml:20:17-82
206            <meta-data
206-->[com.google.firebase:firebase-common-ktx:20.4.2] AndroidManifest.xml:12:13-14:85
207                android:name="com.google.firebase.components:com.google.firebase.ktx.FirebaseCommonLegacyRegistrar"
207-->[com.google.firebase:firebase-common-ktx:20.4.2] AndroidManifest.xml:13:17-116
208                android:value="com.google.firebase.components.ComponentRegistrar" />
208-->[com.google.firebase:firebase-common-ktx:20.4.2] AndroidManifest.xml:14:17-82
209            <meta-data
209-->[com.google.firebase:firebase-common:20.4.2] AndroidManifest.xml:35:13-37:85
210                android:name="com.google.firebase.components:com.google.firebase.FirebaseCommonKtxRegistrar"
210-->[com.google.firebase:firebase-common:20.4.2] AndroidManifest.xml:36:17-109
211                android:value="com.google.firebase.components.ComponentRegistrar" />
211-->[com.google.firebase:firebase-common:20.4.2] AndroidManifest.xml:37:17-82
212            <meta-data
212-->[com.google.firebase:firebase-datatransport:18.1.7] AndroidManifest.xml:27:13-29:85
213                android:name="com.google.firebase.components:com.google.firebase.datatransport.TransportRegistrar"
213-->[com.google.firebase:firebase-datatransport:18.1.7] AndroidManifest.xml:28:17-115
214                android:value="com.google.firebase.components.ComponentRegistrar" />
214-->[com.google.firebase:firebase-datatransport:18.1.7] AndroidManifest.xml:29:17-82
215        </service>
216
217        <activity
217-->[com.google.firebase:firebase-auth:22.3.1] AndroidManifest.xml:29:9-46:20
218            android:name="com.google.firebase.auth.internal.GenericIdpActivity"
218-->[com.google.firebase:firebase-auth:22.3.1] AndroidManifest.xml:30:13-80
219            android:excludeFromRecents="true"
219-->[com.google.firebase:firebase-auth:22.3.1] AndroidManifest.xml:31:13-46
220            android:exported="true"
220-->[com.google.firebase:firebase-auth:22.3.1] AndroidManifest.xml:32:13-36
221            android:launchMode="singleTask"
221-->[com.google.firebase:firebase-auth:22.3.1] AndroidManifest.xml:33:13-44
222            android:theme="@android:style/Theme.Translucent.NoTitleBar" >
222-->[com.google.firebase:firebase-auth:22.3.1] AndroidManifest.xml:34:13-72
223            <intent-filter>
223-->[com.google.firebase:firebase-auth:22.3.1] AndroidManifest.xml:35:13-45:29
224                <action android:name="android.intent.action.VIEW" />
224-->[com.google.firebase:firebase-auth:22.3.1] AndroidManifest.xml:36:17-69
224-->[com.google.firebase:firebase-auth:22.3.1] AndroidManifest.xml:36:25-66
225
226                <category android:name="android.intent.category.DEFAULT" />
226-->[com.google.firebase:firebase-auth:22.3.1] AndroidManifest.xml:38:17-76
226-->[com.google.firebase:firebase-auth:22.3.1] AndroidManifest.xml:38:27-73
227                <category android:name="android.intent.category.BROWSABLE" />
227-->[com.google.firebase:firebase-auth:22.3.1] AndroidManifest.xml:39:17-78
227-->[com.google.firebase:firebase-auth:22.3.1] AndroidManifest.xml:39:27-75
228
229                <data
229-->[com.google.firebase:firebase-auth:22.3.1] AndroidManifest.xml:41:17-44:51
230                    android:host="firebase.auth"
230-->[com.google.firebase:firebase-auth:22.3.1] AndroidManifest.xml:42:21-49
231                    android:path="/"
231-->[com.google.firebase:firebase-auth:22.3.1] AndroidManifest.xml:43:21-37
232                    android:scheme="genericidp" />
232-->[com.google.firebase:firebase-auth:22.3.1] AndroidManifest.xml:44:21-48
233            </intent-filter>
234        </activity>
235        <activity
235-->[com.google.firebase:firebase-auth:22.3.1] AndroidManifest.xml:47:9-64:20
236            android:name="com.google.firebase.auth.internal.RecaptchaActivity"
236-->[com.google.firebase:firebase-auth:22.3.1] AndroidManifest.xml:48:13-79
237            android:excludeFromRecents="true"
237-->[com.google.firebase:firebase-auth:22.3.1] AndroidManifest.xml:49:13-46
238            android:exported="true"
238-->[com.google.firebase:firebase-auth:22.3.1] AndroidManifest.xml:50:13-36
239            android:launchMode="singleTask"
239-->[com.google.firebase:firebase-auth:22.3.1] AndroidManifest.xml:51:13-44
240            android:theme="@android:style/Theme.Translucent.NoTitleBar" >
240-->[com.google.firebase:firebase-auth:22.3.1] AndroidManifest.xml:52:13-72
241            <intent-filter>
241-->[com.google.firebase:firebase-auth:22.3.1] AndroidManifest.xml:53:13-63:29
242                <action android:name="android.intent.action.VIEW" />
242-->[com.google.firebase:firebase-auth:22.3.1] AndroidManifest.xml:36:17-69
242-->[com.google.firebase:firebase-auth:22.3.1] AndroidManifest.xml:36:25-66
243
244                <category android:name="android.intent.category.DEFAULT" />
244-->[com.google.firebase:firebase-auth:22.3.1] AndroidManifest.xml:38:17-76
244-->[com.google.firebase:firebase-auth:22.3.1] AndroidManifest.xml:38:27-73
245                <category android:name="android.intent.category.BROWSABLE" />
245-->[com.google.firebase:firebase-auth:22.3.1] AndroidManifest.xml:39:17-78
245-->[com.google.firebase:firebase-auth:22.3.1] AndroidManifest.xml:39:27-75
246
247                <data
247-->[com.google.firebase:firebase-auth:22.3.1] AndroidManifest.xml:41:17-44:51
248                    android:host="firebase.auth"
248-->[com.google.firebase:firebase-auth:22.3.1] AndroidManifest.xml:42:21-49
249                    android:path="/"
249-->[com.google.firebase:firebase-auth:22.3.1] AndroidManifest.xml:43:21-37
250                    android:scheme="recaptcha" />
250-->[com.google.firebase:firebase-auth:22.3.1] AndroidManifest.xml:44:21-48
251            </intent-filter>
252        </activity>
253
254        <receiver
254-->[com.google.firebase:firebase-messaging:23.4.1] AndroidManifest.xml:29:9-40:20
255            android:name="com.google.firebase.iid.FirebaseInstanceIdReceiver"
255-->[com.google.firebase:firebase-messaging:23.4.1] AndroidManifest.xml:30:13-78
256            android:exported="true"
256-->[com.google.firebase:firebase-messaging:23.4.1] AndroidManifest.xml:31:13-36
257            android:permission="com.google.android.c2dm.permission.SEND" >
257-->[com.google.firebase:firebase-messaging:23.4.1] AndroidManifest.xml:32:13-73
258            <intent-filter>
258-->[com.google.firebase:firebase-messaging:23.4.1] AndroidManifest.xml:33:13-35:29
259                <action android:name="com.google.android.c2dm.intent.RECEIVE" />
259-->[com.google.firebase:firebase-messaging:23.4.1] AndroidManifest.xml:34:17-81
259-->[com.google.firebase:firebase-messaging:23.4.1] AndroidManifest.xml:34:25-78
260            </intent-filter>
261
262            <meta-data
262-->[com.google.firebase:firebase-messaging:23.4.1] AndroidManifest.xml:37:13-39:40
263                android:name="com.google.android.gms.cloudmessaging.FINISHED_AFTER_HANDLED"
263-->[com.google.firebase:firebase-messaging:23.4.1] AndroidManifest.xml:38:17-92
264                android:value="true" />
264-->[com.google.firebase:firebase-messaging:23.4.1] AndroidManifest.xml:39:17-37
265        </receiver>
266        <!--
267             FirebaseMessagingService performs security checks at runtime,
268             but set to not exported to explicitly avoid allowing another app to call it.
269        -->
270        <service
270-->[com.google.firebase:firebase-messaging:23.4.1] AndroidManifest.xml:46:9-53:19
271            android:name="com.google.firebase.messaging.FirebaseMessagingService"
271-->[com.google.firebase:firebase-messaging:23.4.1] AndroidManifest.xml:47:13-82
272            android:directBootAware="true"